<?xml version="1.0" encoding="UTF-8"?>
<!-- Generated by org.testng.reporters.JUnitXMLReporter -->
<testsuite hostname="EH-REN-97MXM24" failures="1" tests="2" name="Default test" time="120.022" errors="0" timestamp="29 Sep 2025 08:18:23 GMT">
  <testcase classname="TestRunner.runner" name="scenario" time="94.793"/>
  <testcase classname="TestRunner.runner" name="scenario" time="22.273">
    <failure type="java.lang.AssertionError" message="expected [true] but found [false]">
      <![CDATA[java.lang.AssertionError: expected [true] but found [false]
	at org.testng.Assert.fail(Assert.java:94)
	at org.testng.Assert.failNotEquals(Assert.java:494)
	at org.testng.Assert.assertTrue(Assert.java:42)
	at org.testng.Assert.assertTrue(Assert.java:52)
	at com.ObjectRepo.Registerelements.LogoValidate(Registerelements.java:175)
	at StepDefinition.reg_opencartSteps.user_validates_logo_of_My_cart_Application(reg_opencartSteps.java:63)
	at âœ½.user validates logo of My cart Application(file:///C:/Users/VamshidharReddyBadda/Downloads/Selenium_Gradle/src/test/resources/Features/Reg_Opencart.feature:20)
]]>
    </failure>
  </testcase> <!-- scenario -->
</testsuite> <!-- Default test -->
