<?xml version="1.0" encoding="UTF-8"?>
<testng-results total="2" passed="1" failed="1" skipped="0">
  <reporter-output>
  </reporter-output>
  <suite started-at="2025-09-29T08:16:23Z" name="Default suite" finished-at="2025-09-29T08:18:23Z" duration-ms="120022">
    <groups>
      <group name="cucumber">
        <method signature="runner.scenario(io.cucumber.testng.PickleWrapper, io.cucumber.testng.FeatureWrapper)[pri:0, instance:TestRunner.runner@3e78b6a5]" name="scenario" class="TestRunner.runner"/>
      </group> <!-- cucumber -->
    </groups>
    <test started-at="2025-09-29T08:16:23Z" name="Default test" finished-at="2025-09-29T08:18:23Z" duration-ms="120022">
      <class name="TestRunner.runner">
        <test-method is-config="true" signature="setUpClass()[pri:0, instance:TestRunner.runner@3e78b6a5]" started-at="2025-09-29T13:46:23Z" name="setUpClass" finished-at="2025-09-29T13:46:24Z" duration-ms="747" status="PASS">
          <reporter-output>
          </reporter-output>
        </test-method> <!-- setUpClass -->
        <test-method signature="scenario(io.cucumber.testng.PickleWrapper, io.cucumber.testng.FeatureWrapper)[pri:0, instance:TestRunner.runner@3e78b6a5]" started-at="2025-09-29T13:46:24Z" name="scenario" description="Runs Cucumber Scenarios" data-provider="scenarios" finished-at="2025-09-29T13:47:59Z" duration-ms="94793" status="PASS">
          <params>
            <param index="0">
              <value>
                <![CDATA["Validate the Registration process"]]>
              </value>
            </param>
            <param index="1">
              <value>
                <![CDATA["Create Account and Register to OpenCart site"]]>
              </value>
            </param>
          </params>
          <reporter-output>
          </reporter-output>
        </test-method> <!-- scenario -->
        <test-method signature="scenario(io.cucumber.testng.PickleWrapper, io.cucumber.testng.FeatureWrapper)[pri:0, instance:TestRunner.runner@3e78b6a5]" started-at="2025-09-29T13:47:59Z" name="scenario" description="Runs Cucumber Scenarios" data-provider="scenarios" finished-at="2025-09-29T13:48:21Z" duration-ms="22273" status="FAIL">
          <params>
            <param index="0">
              <value>
                <![CDATA["Validate existence of OpenCart Logo on top left corner"]]>
              </value>
            </param>
            <param index="1">
              <value>
                <![CDATA["Create Account and Register to OpenCart site"]]>
              </value>
            </param>
          </params>
          <exception class="java.lang.AssertionError">
            <message>
              <![CDATA[expected [true] but found [false]]]>
            </message>
            <full-stacktrace>
              <![CDATA[java.lang.AssertionError: expected [true] but found [false]
	at org.testng.Assert.fail(Assert.java:94)
	at org.testng.Assert.failNotEquals(Assert.java:494)
	at org.testng.Assert.assertTrue(Assert.java:42)
	at org.testng.Assert.assertTrue(Assert.java:52)
	at com.ObjectRepo.Registerelements.LogoValidate(Registerelements.java:175)
	at StepDefinition.reg_opencartSteps.user_validates_logo_of_My_cart_Application(reg_opencartSteps.java:63)
	at âœ½.user validates logo of My cart Application(file:///C:/Users/VamshidharReddyBadda/Downloads/Selenium_Gradle/src/test/resources/Features/Reg_Opencart.feature:20)
]]>
            </full-stacktrace>
          </exception> <!-- java.lang.AssertionError -->
          <reporter-output>
          </reporter-output>
        </test-method> <!-- scenario -->
        <test-method is-config="true" signature="tearDownClass()[pri:0, instance:TestRunner.runner@3e78b6a5]" started-at="2025-09-29T13:48:21Z" name="tearDownClass" finished-at="2025-09-29T13:48:23Z" duration-ms="2173" status="PASS">
          <reporter-output>
          </reporter-output>
        </test-method> <!-- tearDownClass -->
      </class> <!-- TestRunner.runner -->
    </test> <!-- Default test -->
  </suite> <!-- Default suite -->
</testng-results>
